<?xml version="1.0" encoding="UTF-8"?>
<beans xmlns="http://www.springframework.org/schema/beans"
	xmlns:xsi="http://www.w3.org/2001/XMLSchema-instance" xmlns:p="http://www.springframework.org/schema/p"
	xmlns:lang="http://www.springframework.org/schema/lang" xmlns:tx="http://www.springframework.org/schema/tx"
	xmlns:aop="http://www.springframework.org/schema/aop" xmlns:context="http://www.springframework.org/schema/context"
	xmlns:cache="http://www.springframework.org/schema/cache" xmlns:mvc="http://www.springframework.org/schema/mvc"
	xmlns:task="http://www.springframework.org/schema/task"
	xsi:schemaLocation="http://www.springframework.org/schema/beans
	         http://www.springframework.org/schema/beans/spring-beans.xsd
	         http://www.springframework.org/schema/lang
	         http://www.springframework.org/schema/lang/spring-lang.xsd      
	         http://www.springframework.org/schema/tx   
	         http://www.springframework.org/schema/tx/spring-tx.xsd    
	         http://www.springframework.org/schema/aop     
	         http://www.springframework.org/schema/aop/spring-aop.xsd    
	         http://www.springframework.org/schema/mvc     
	         http://www.springframework.org/schema/mvc/spring-mvc.xsd   
	         http://www.springframework.org/schema/context     
	         http://www.springframework.org/schema/context/spring-context.xsd
	         http://www.springframework.org/schema/cache
	         http://www.springframework.org/schema/cache/spring-cache.xsd
	         http://www.springframework.org/schema/task 
	         http://www.springframework.org/schema/task/spring-task.xsd">
		
	<!--(自动扫描的包名,管理所有使用注解的类)-->
    <context:component-scan base-package="com.eshop.*"/>
    
	<tx:annotation-driven transaction-manager="transactionManager"/>
    <!-- 配置事务管理器 -->
	<bean id="transactionManager" class="org.springframework.jdbc.datasource.DataSourceTransactionManager">
        <property name="dataSource" ref="dataSource"/>
    </bean>

	<!-- 配置DataSource数据源 -->
	<context:property-placeholder location="classpath:db.properties"/>

	<bean id="dataSource" destroy-method="close"
	  class="org.apache.commons.dbcp.BasicDataSource">
		<property name="driverClassName" value="${jdbc.driverClass}"/>
		<property name="url" value="${jdbc.url}"/>
		<property name="username" value="${jdbc.username}"/>
		<property name="password" value="${jdbc.password}"/>
	    <property name="initialSize" value="3"/>
        <property name="testWhileIdle" value="true" />
        <property name="timeBetweenEvictionRunsMillis" value="300000" />
        <property name="numTestsPerEvictionRun" value="6" />
        <property name="minEvictableIdleTimeMillis" value="1800000" />
        <property name="maxActive" value="5" />
        <property name="maxIdle" value="5" />
        <property name="maxWait" value="5000" />
        <property name="poolPreparedStatements" value="true" />
        <property name="maxOpenPreparedStatements" value="10" />	    
	</bean>
	
	<!-- ========================= MyBATIS configuration ========================= -->
	<!-- 创建SqlSessionFactory，同时指定数据源 -->
	<bean id="sqlSessionFactory" class="org.mybatis.spring.SqlSessionFactoryBean">
		<property name="dataSource" ref="dataSource"/>
		<!-- 自动扫描model目录, 省掉mybatis-config.xml里的手工配置 -->
  		<property name="typeAliasesPackage" value="com.eshop.model"/>
  		<!-- 显式指定Mapper文件位置 -->
  		<property name="mapperLocations" value="classpath:com/eshop/mappers/*.xml"/>
	</bean>

    <!--创建数据映射器，数据映射器必须为接口 -->
    <bean class="org.mybatis.spring.mapper.MapperScannerConfigurer">
		<property name="annotationClass" value="org.springframework.stereotype.Repository" />
        <property name="basePackage" value="com.eshop.mappers"/> 
    </bean>
    
 	<bean id="sqlSession" class="org.mybatis.spring.SqlSessionTemplate">
	    <constructor-arg index="0" ref="sqlSessionFactory"/>
	</bean>

</beans>